--- Verificação em: Thu Feb 26 14:27:08 -04 2026 ---

Error when retrieving token from sso: Token has expired and refresh failed
[!] Sessão expirada. Iniciando login automático...
Attempting to open your default browser.
If the browser does not open, open the following URL:

https://oidc.sa-east-1.amazonaws.com/authorize?response_type=code&client_id=ayyH-hMStk8DyffP6amwm3NhLWVhc3QtMQ&redirect_uri=http%3A%2F%2F127.0.0.1%3A64115%2Foauth%2Fcallback&state=3bac5a85-98d6-4dec-8560-aabc155167e0&code_challenge_method=S256&scopes=sso%3Aaccount%3Aaccess&code_challenge=TmnfNvZRX7ul3BE5U0zWK3XIF9uDE5aIrJFY0BvbtsE
Successfully logged into Start URL: https://d-94670c90c8.awsapps.com/start/#
[✓] Login realizado com sucesso.
--- Verificação em: Thu Feb 26 15:00:00 -04 2026 ---
/Users/carlospereira/ciclo_total_app/pac-mission-control/scripts/aws-sso-keepalive.sh: line 16: aws: command not found
[!] Sessão expirada. Iniciando login automático...
/Users/carlospereira/ciclo_total_app/pac-mission-control/scripts/aws-sso-keepalive.sh: line 21: aws: command not found
[X] Erro ao tentar realizar o login.
--- Verificação em: Thu Feb 26 16:00:01 -04 2026 ---
/Users/carlospereira/ciclo_total_app/pac-mission-control/scripts/aws-sso-keepalive.sh: line 16: aws: command not found
[!] Sessão expirada. Iniciando login automático...
/Users/carlospereira/ciclo_total_app/pac-mission-control/scripts/aws-sso-keepalive.sh: line 21: aws: command not found
[X] Erro ao tentar realizar o login.
--- Verificação em: Thu Feb 26 17:00:00 -04 2026 ---
/Users/carlospereira/ciclo_total_app/pac-mission-control/scripts/aws-sso-keepalive.sh: line 16: aws: command not found
[!] Sessão expirada. Iniciando login automático...
/Users/carlospereira/ciclo_total_app/pac-mission-control/scripts/aws-sso-keepalive.sh: line 21: aws: command not found
[X] Erro ao tentar realizar o login.
--- Verificação em: Thu Feb 26 18:00:00 -04 2026 ---
/Users/carlospereira/ciclo_total_app/pac-mission-control/scripts/aws-sso-keepalive.sh: line 16: aws: command not found
[!] Sessão expirada. Iniciando login automático...
/Users/carlospereira/ciclo_total_app/pac-mission-control/scripts/aws-sso-keepalive.sh: line 21: aws: command not found
[X] Erro ao tentar realizar o login.
--- Verificação em: Thu Feb 26 19:00:00 -04 2026 ---
/Users/carlospereira/ciclo_total_app/pac-mission-control/scripts/aws-sso-keepalive.sh: line 16: aws: command not found
[!] Sessão expirada. Iniciando login automático...
/Users/carlospereira/ciclo_total_app/pac-mission-control/scripts/aws-sso-keepalive.sh: line 21: aws: command not found
[X] Erro ao tentar realizar o login.
--- Verificação em: Fri Feb 27 08:02:38 -04 2026 ---
/Users/carlospereira/ciclo_total_app/pac-mission-control/scripts/aws-sso-keepalive.sh: line 16: aws: command not found
[!] Sessão expirada. Iniciando login automático...
/Users/carlospereira/ciclo_total_app/pac-mission-control/scripts/aws-sso-keepalive.sh: line 21: aws: command not found
[X] Erro ao tentar realizar o login.
--- Verificação em: Fri Feb 27 09:00:01 -04 2026 ---
/Users/carlospereira/ciclo_total_app/pac-mission-control/scripts/aws-sso-keepalive.sh: line 16: aws: command not found
[!] Sessão expirada. Iniciando login automático...
/Users/carlospereira/ciclo_total_app/pac-mission-control/scripts/aws-sso-keepalive.sh: line 21: aws: command not found
[X] Erro ao tentar realizar o login.
--- Verificação em: Fri Feb 27 10:00:00 -04 2026 ---
/Users/carlospereira/ciclo_total_app/pac-mission-control/scripts/aws-sso-keepalive.sh: line 16: aws: command not found
[!] Sessão expirada. Iniciando login automático...
/Users/carlospereira/ciclo_total_app/pac-mission-control/scripts/aws-sso-keepalive.sh: line 21: aws: command not found
[X] Erro ao tentar realizar o login.
--- Verificação em: Fri Feb 27 11:00:01 -04 2026 ---
/Users/carlospereira/ciclo_total_app/pac-mission-control/scripts/aws-sso-keepalive.sh: line 17: aws: command not found
[!] Sessão expirada. Iniciando login automático...
/Users/carlospereira/ciclo_total_app/pac-mission-control/scripts/aws-sso-keepalive.sh: line 22: aws: command not found
[X] Erro ao tentar realizar o login.
--- Verificação em: Fri Feb 27 12:00:01 -04 2026 ---
/Users/carlospereira/ciclo_total_app/pac-mission-control/scripts/aws-sso-keepalive.sh: line 17: aws: command not found
[!] Sessão expirada. Iniciando login automático...
/Users/carlospereira/ciclo_total_app/pac-mission-control/scripts/aws-sso-keepalive.sh: line 22: aws: command not found
[X] Erro ao tentar realizar o login.
--- Verificação em: Fri Feb 27 13:00:00 -04 2026 ---
/Users/carlospereira/ciclo_total_app/pac-mission-control/scripts/aws-sso-keepalive.sh: line 17: aws: command not found
[!] Sessão expirada. Iniciando login automático...
/Users/carlospereira/ciclo_total_app/pac-mission-control/scripts/aws-sso-keepalive.sh: line 22: aws: command not found
[X] Erro ao tentar realizar o login.
--- Verificação em: Fri Feb 27 14:00:00 -04 2026 ---
/Users/carlospereira/ciclo_total_app/pac-mission-control/scripts/aws-sso-keepalive.sh: line 17: aws: command not found
[!] Sessão expirada. Iniciando login automático...
/Users/carlospereira/ciclo_total_app/pac-mission-control/scripts/aws-sso-keepalive.sh: line 22: aws: command not found
[X] Erro ao tentar realizar o login.
--- Verificação em: Fri Feb 27 15:00:01 -04 2026 ---
/Users/carlospereira/ciclo_total_app/pac-mission-control/scripts/aws-sso-keepalive.sh: line 17: aws: command not found
[!] Sessão expirada. Iniciando login automático...
/Users/carlospereira/ciclo_total_app/pac-mission-control/scripts/aws-sso-keepalive.sh: line 22: aws: command not found
[X] Erro ao tentar realizar o login.
--- Verificação em: Fri Feb 27 16:00:00 -04 2026 ---
/Users/carlospereira/ciclo_total_app/pac-mission-control/scripts/aws-sso-keepalive.sh: line 17: aws: command not found
[!] Sessão expirada. Iniciando login automático...
/Users/carlospereira/ciclo_total_app/pac-mission-control/scripts/aws-sso-keepalive.sh: line 22: aws: command not found
[X] Erro ao tentar realizar o login.
--- Verificação em: Fri Feb 27 17:00:00 -04 2026 ---
/Users/carlospereira/ciclo_total_app/pac-mission-control/scripts/aws-sso-keepalive.sh: line 17: aws: command not found
[!] Sessão expirada. Iniciando login automático...
/Users/carlospereira/ciclo_total_app/pac-mission-control/scripts/aws-sso-keepalive.sh: line 22: aws: command not found
[X] Erro ao tentar realizar o login.
--- Verificação em: Fri Feb 27 18:00:00 -04 2026 ---
/Users/carlospereira/ciclo_total_app/pac-mission-control/scripts/aws-sso-keepalive.sh: line 17: aws: command not found
[!] Sessão expirada. Iniciando login automático...
/Users/carlospereira/ciclo_total_app/pac-mission-control/scripts/aws-sso-keepalive.sh: line 22: aws: command not found
[X] Erro ao tentar realizar o login.
--- Verificação em: Sat Feb 28 01:00:00 -04 2026 ---
/Users/carlospereira/ciclo_total_app/pac-mission-control/scripts/aws-sso-keepalive.sh: line 17: aws: command not found
[!] Sessão expirada. Iniciando login automático...
/Users/carlospereira/ciclo_total_app/pac-mission-control/scripts/aws-sso-keepalive.sh: line 22: aws: command not found
[X] Erro ao tentar realizar o login.
--- Verificação em: Sat Feb 28 10:04:52 -04 2026 ---
/Users/carlospereira/ciclo_total_app/pac-mission-control/scripts/aws-sso-keepalive.sh: line 17: aws: command not found
[!] Sessão expirada. Iniciando login automático...
/Users/carlospereira/ciclo_total_app/pac-mission-control/scripts/aws-sso-keepalive.sh: line 22: aws: command not found
[X] Erro ao tentar realizar o login.
--- Verificação em: Sat Feb 28 11:00:02 -04 2026 ---
/Users/carlospereira/ciclo_total_app/pac-mission-control/scripts/aws-sso-keepalive.sh: line 17: aws: command not found
[!] Sessão expirada. Iniciando login automático...
/Users/carlospereira/ciclo_total_app/pac-mission-control/scripts/aws-sso-keepalive.sh: line 22: aws: command not found
[X] Erro ao tentar realizar o login.
--- Verificação em: Mon Mar  2 07:00:00 -04 2026 ---
/Users/carlospereira/ciclo_total_app/pac-mission-control/scripts/aws-sso-keepalive.sh: line 17: aws: command not found
[!] Sessão expirada. Iniciando login automático...
/Users/carlospereira/ciclo_total_app/pac-mission-control/scripts/aws-sso-keepalive.sh: line 22: aws: command not found
[X] Erro ao tentar realizar o login.
--- Verificação em: Mon Mar  2 08:00:00 -04 2026 ---
/Users/carlospereira/ciclo_total_app/pac-mission-control/scripts/aws-sso-keepalive.sh: line 17: aws: command not found
[!] Sessão expirada. Iniciando login automático...
/Users/carlospereira/ciclo_total_app/pac-mission-control/scripts/aws-sso-keepalive.sh: line 22: aws: command not found
[X] Erro ao tentar realizar o login.
--- Verificação em: Mon Mar  2 09:00:01 -04 2026 ---
/Users/carlospereira/ciclo_total_app/pac-mission-control/scripts/aws-sso-keepalive.sh: line 17: aws: command not found
[!] Sessão expirada. Iniciando login automático...
/Users/carlospereira/ciclo_total_app/pac-mission-control/scripts/aws-sso-keepalive.sh: line 22: aws: command not found
[X] Erro ao tentar realizar o login.
--- Verificação em: Mon Mar  2 10:00:00 -04 2026 ---
/Users/carlospereira/ciclo_total_app/pac-mission-control/scripts/aws-sso-keepalive.sh: line 17: aws: command not found
[!] Sessão expirada. Iniciando login automático...
/Users/carlospereira/ciclo_total_app/pac-mission-control/scripts/aws-sso-keepalive.sh: line 22: aws: command not found
[X] Erro ao tentar realizar o login.
--- Verificação em: Mon Mar  2 11:00:01 -04 2026 ---
/Users/carlospereira/ciclo_total_app/pac-mission-control/scripts/aws-sso-keepalive.sh: line 17: aws: command not found
[!] Sessão expirada. Iniciando login automático...
/Users/carlospereira/ciclo_total_app/pac-mission-control/scripts/aws-sso-keepalive.sh: line 22: aws: command not found
[X] Erro ao tentar realizar o login.
--- Verificação em: Mon Mar  2 12:00:00 -04 2026 ---
/Users/carlospereira/ciclo_total_app/pac-mission-control/scripts/aws-sso-keepalive.sh: line 17: aws: command not found
[!] Sessão expirada. Iniciando login automático...
/Users/carlospereira/ciclo_total_app/pac-mission-control/scripts/aws-sso-keepalive.sh: line 22: aws: command not found
[X] Erro ao tentar realizar o login.
--- Verificação em: Mon Mar  2 13:00:00 -04 2026 ---
/Users/carlospereira/ciclo_total_app/pac-mission-control/scripts/aws-sso-keepalive.sh: line 17: aws: command not found
[!] Sessão expirada. Iniciando login automático...
/Users/carlospereira/ciclo_total_app/pac-mission-control/scripts/aws-sso-keepalive.sh: line 22: aws: command not found
[X] Erro ao tentar realizar o login.
--- Verificação em: Mon Mar  2 20:00:00 -03 2026 ---
/Users/carlospereira/ciclo_total_app/pac-mission-control/scripts/aws-sso-keepalive.sh: line 17: aws: command not found
[!] Sessão expirada. Iniciando login automático...
/Users/carlospereira/ciclo_total_app/pac-mission-control/scripts/aws-sso-keepalive.sh: line 22: aws: command not found
[X] Erro ao tentar realizar o login.
--- Verificação em: Tue Mar  3 07:00:00 -03 2026 ---
/Users/carlospereira/ciclo_total_app/pac-mission-control/scripts/aws-sso-keepalive.sh: line 17: aws: command not found
[!] Sessão expirada. Iniciando login automático...
/Users/carlospereira/ciclo_total_app/pac-mission-control/scripts/aws-sso-keepalive.sh: line 22: aws: command not found
[X] Erro ao tentar realizar o login.
--- Verificação em: Tue Mar  3 09:00:01 -03 2026 ---
/Users/carlospereira/ciclo_total_app/pac-mission-control/scripts/aws-sso-keepalive.sh: line 17: aws: command not found
[!] Sessão expirada. Iniciando login automático...
/Users/carlospereira/ciclo_total_app/pac-mission-control/scripts/aws-sso-keepalive.sh: line 22: aws: command not found
[X] Erro ao tentar realizar o login.
--- Verificação em: Tue Mar  3 10:00:00 -03 2026 ---
/Users/carlospereira/ciclo_total_app/pac-mission-control/scripts/aws-sso-keepalive.sh: line 17: aws: command not found
[!] Sessão expirada. Iniciando login automático...
/Users/carlospereira/ciclo_total_app/pac-mission-control/scripts/aws-sso-keepalive.sh: line 22: aws: command not found
[X] Erro ao tentar realizar o login.
--- Verificação em: Tue Mar  3 11:00:00 -03 2026 ---
/Users/carlospereira/ciclo_total_app/pac-mission-control/scripts/aws-sso-keepalive.sh: line 17: aws: command not found
[!] Sessão expirada. Iniciando login automático...
/Users/carlospereira/ciclo_total_app/pac-mission-control/scripts/aws-sso-keepalive.sh: line 22: aws: command not found
[X] Erro ao tentar realizar o login.
--- Verificação em: Tue Mar  3 13:00:00 -03 2026 ---
/Users/carlospereira/ciclo_total_app/pac-mission-control/scripts/aws-sso-keepalive.sh: line 17: aws: command not found
[!] Sessão expirada. Iniciando login automático...
/Users/carlospereira/ciclo_total_app/pac-mission-control/scripts/aws-sso-keepalive.sh: line 22: aws: command not found
[X] Erro ao tentar realizar o login.
--- Verificação em: Tue Mar  3 14:00:00 -03 2026 ---
/Users/carlospereira/ciclo_total_app/pac-mission-control/scripts/aws-sso-keepalive.sh: line 17: aws: command not found
[!] Sessão expirada. Iniciando login automático...
/Users/carlospereira/ciclo_total_app/pac-mission-control/scripts/aws-sso-keepalive.sh: line 22: aws: command not found
[X] Erro ao tentar realizar o login.
--- Verificação em: Tue Mar  3 15:00:00 -03 2026 ---
/Users/carlospereira/ciclo_total_app/pac-mission-control/scripts/aws-sso-keepalive.sh: line 17: aws: command not found
[!] Sessão expirada. Iniciando login automático...
/Users/carlospereira/ciclo_total_app/pac-mission-control/scripts/aws-sso-keepalive.sh: line 22: aws: command not found
[X] Erro ao tentar realizar o login.
